LoadDDSTexture "assets/GameScene/Title/title_back_00.dds" Ok.
LoadDDSTexture "assets/GameScene/Title/title_text_00.dds" Ok.
LoadDDSTexture "assets/GameScene/Title/title_game_start_00.dds" Ok.
LoadDDSTexture "assets/GameScene/Title/title_game_end_00.dds" Ok.
LoadDDSTexture "assets/GameScene/Title/title_game_start_01.dds" Ok.
LoadDDSTexture "assets/GameScene/Title/title_game_end_01.dds" Ok.
LoadDDSTexture "assets/GameScene/Result/select_cursor_pose_00.dds" Ok.
LoadDDSTexture "assets/GameScene/Select/stage_select_light_00.dds" Ok.
LoadFullColorTexture "assets/GameScene/Select/select_cursor_stage_select_00.png" format:13 Ok.
LoadDDSTexture "assets/GameScene/Select/stage_select_book_00.dds" Ok.
LoadDDSTexture "assets/GameScene/Select/stage_select_back_00.dds" Ok.
LoadDDSTexture "assets/GameScene/Select/stage_select_button_one_00.dds" Ok.
LoadDDSTexture "assets/GameScene/Select/stage_select_button_two_00.dds" Ok.
LoadDDSTexture "assets/GameScene/Select/stage_select_button_three_00.dds" Ok.
LoadDDSTexture "assets/GameScene/Select/stage_select_aishe_00.dds" Ok.
LoadFullColorTexture "assets/GameScene/Result/collection_00.png" format:13 Ok.
LoadFullColorTexture "assets/GameScene/Result/collection_01.png" format:13 Ok.
LoadDDSTexture "assets/GameScene/Select/stage_select_button_one_01.dds" Ok.
LoadDDSTexture "assets/GameScene/Select/stage_select_button_two_01.dds" Ok.
LoadDDSTexture "assets/GameScene/Select/stage_select_button_three_01.dds" Ok.
LoadDDSTexture "assets/GameScene/Select/stage_select_button_one_02.dds" Ok.
LoadDDSTexture "assets/GameScene/Select/stage_select_button_two_02.dds" Ok.
LoadDDSTexture "assets/GameScene/Select/stage_select_button_three_02.dds" Ok.
LoadDDSTexture "assets/GameScene/Select/collection_02.dds" Ok.
LoadDDSTexture "assets/GameScene/Select/stage_select_aishe_book_00.dds" Ok.
LoadDDSTexture "assets/GameScene/loadingBG.dds" Ok.
LoadDDSTexture "assets/GameScene/load_00.dds" Ok.
LoadDDSTexture "assets/GameScene/load_01.dds" Ok.
LoadDDSTexture "assets/GameScene/load_02.dds" Ok.
LoadDDSTexture "assets/GameScene/load_03.dds" Ok.
LoadDDSTexture "assets/Player/player_stop_00.dds" Ok.
LoadDDSTexture "assets/Player/player_jump_00.dds" Ok.
LoadDDSTexture "assets/Player/player_jump_01.dds" Ok.
LoadDDSTexture "assets/Player/player_magic_attack_00.dds" Ok.
LoadDDSTexture "assets/Player/player_move_00.dds" Ok.
LoadDDSTexture "assets/Player/player_damage_00.dds" Ok.
LoadDDSTexture "assets/Player/player_dead_00.dds" Ok.
LoadDDSTexture "assets/Player/player_goal_00.dds" Ok.
LoadDDSTexture "assets/Player/player_magic_block_00.dds" Ok.
LoadDDSTexture "assets/enemy/imp/enemy1_stop_00.dds" Ok.
LoadDDSTexture "assets/enemy/imp/enemy1_dead_00.dds" Ok.
LoadDDSTexture "assets/enemy/imp/enemy1_attack_00.dds" Ok.
LoadDDSTexture "assets/enemy/slime/enemy2_move_00.dds" Ok.
LoadDDSTexture "assets/enemy/slime/enemy2_dead_00.dds" Ok.
LoadDDSTexture "assets/enemy/boss_stop_00.dds" Ok.
LoadDDSTexture "assets/enemy/boss_fireball_horizontal_00.dds" Ok.
LoadDDSTexture "assets/enemy/boss_tackle_charge_00.dds" Ok.
LoadDDSTexture "assets/enemy/boss_tackle_attack_00.dds" Ok.
LoadDDSTexture "assets/enemy/boss_dead_00.dds" Ok.
LoadDDSTexture "assets/enemy/atk/bigfireball_00.dds" Ok.
LoadDDSTexture "assets/enemy/atk/fireball_hit_00.dds" Ok.
LoadDDSTexture "assets/enemy/boss_tackle_effect_00.dds" Ok.
LoadDDSTexture "assets/enemy/boss_destroy_effect_00.dds" Ok.
LoadDDSTexture "assets/enemy/boss_tackle_atk_effect_00.dds" Ok.
LoadDDSTexture "assets/Item/potion_00.dds" Ok.
LoadDDSTexture "assets/MagicShard/collection_00.dds" Ok.
LoadDDSTexture "assets/stage/Effect/snow_00.dds" Ok.
LoadDDSTexture "assets/stage/Effect/sparks_00.dds" Ok.
LoadDDSTexture "assets/stage/block/block_ground_00.dds" Ok.
LoadDDSTexture "assets/stage/block/block_ground_02.dds" Ok.
LoadDDSTexture "assets/stage/block/block_ground_01.dds" Ok.
LoadDDSTexture "assets/stage/block/block_ground_04.dds" Ok.
LoadDDSTexture "assets/stage/block/block_ground_03.dds" Ok.
LoadDDSTexture "assets/stage/background_stage_03.dds" Ok.
LoadDDSTexture "assets/player/icespear_00.dds" Ok.
LoadDDSTexture "assets/player/icespear_hit_00.dds" Ok.
LoadDDSTexture "assets/player/icespear_break_00.dds" Ok.
LoadDDSTexture "assets/Player/iceblock_create_00.dds" Ok.
LoadDDSTexture "assets/Player/iceblock_countdown_00.dds" Ok.
LoadDDSTexture "assets/Player/iceblock_destroy_00.dds" Ok.
LoadDDSTexture "assets/UI/hp_gauge_base_00.dds" Ok.
LoadDDSTexture "assets/UI/hp_gauge_gauge_08.dds" Ok.
LoadDDSTexture "assets/UI/hp_gauge_text_00.dds" Ok.
LoadDDSTexture "assets/UI/mp_gauge_base_00.dds" Ok.
LoadDDSTexture "assets/UI/mp_gauge_gauge_08.dds" Ok.
LoadDDSTexture "assets/UI/mp_gauge_text_00.dds" Ok.
LoadFullColorTexture "assets/UI/bossUI.png" format:13 Ok.
LoadDDSTexture "assets/enemy/atk/fireball_00.dds" Ok.
LoadDDSTexture "assets/stage/goal/goal_00.dds" Ok.
LoadDDSTexture "assets/GameScene/pose_book_00.dds" Ok.
LoadDDSTexture "assets/GameScene/manual_text_00.png.dds" Ok.
LoadDDSTexture "assets/GameScene/resume_game_button_00.dds" Ok.
LoadDDSTexture "assets/GameScene/back_title_button_pose_00.dds" Ok.
LoadDDSTexture "assets/GameScene/resume_game_button_01.dds" Ok.
LoadDDSTexture "assets/GameScene/back_title_button_pose_01.dds" Ok.
LoadDDSTexture "assets/player/iceblock_countdown_00.dds" Ok.
LoadDDSTexture "assets/player/iceblock_create_00.dds" Ok.
LoadDDSTexture "assets/player/iceblock_destroy_00.dds" Ok.
LoadDDSTexture "assets/GameScene/Result/gameover_text_00.dds" Ok.
LoadDDSTexture "assets/GameScene/Result/retry_button_00.dds" Ok.
LoadDDSTexture "assets/GameScene/Result/stage_select_button_00.dds" Ok.
LoadDDSTexture "assets/GameScene/Result/retry_button_01.dds" Ok.
LoadDDSTexture "assets/GameScene/Result/stage_select_button_01.dds" Ok.
LoadDDSTexture "assets/GameScene/Result/select_cursor_pose_00.dds" Ok.
LoadDDSTexture "assets/MagicShard/magicfragment_effect_00.dds" Ok.
LoadDDSTexture "assets/Item/potion_effect_00.dds" Ok.
LoadDDSTexture "assets/player/icespear_atk_00.dds" Ok.
LoadDDSTexture "assets/GameScene/Title/title_back_00.dds" Ok.
LoadDDSTexture "assets/GameScene/Title/title_text_00.dds" Ok.
LoadDDSTexture "assets/GameScene/Title/title_game_start_00.dds" Ok.
LoadDDSTexture "assets/GameScene/Title/title_game_end_00.dds" Ok.
LoadDDSTexture "assets/GameScene/Title/title_game_start_01.dds" Ok.
LoadDDSTexture "assets/GameScene/Title/title_game_end_01.dds" Ok.
LoadDDSTexture "assets/GameScene/Result/select_cursor_pose_00.dds" Ok.
